# JRE version: OpenJDK Runtime Environment Temurin-21.0.8+9 (21.0.8+9) (build 21.0.8+9-LTS)
# Java VM: OpenJDK 64-Bit Server VM Temurin-21.0.8+9 (21.0.8+9-LTS, mixed mode, sharing, tiered, compressed oops, compressed class ptrs, parallel gc, windows-amd64)
GC Precious Log:
 CardTable entry size: 512
 CPUs: 8 total, 8 available
 Memory: 6082M
 Large Page Support: Disabled
 NUMA Support: Disabled
 Compressed Oops: Enabled (32-bit)
 Alignments: Space 512K, Generation 512K, Heap 2M
 Heap Min Capacity: 100M
 Heap Initial Capacity: 100M
 Heap Max Capacity: 2G
 Pre-touch: Disabled
 Parallel Workers: 8
Heap:
 PSYoungGen      total 3584K, used 2502K [0x00000000d5580000, 0x00000000d5c00000, 0x0000000100000000)
  eden space 2560K, 57% used [0x00000000d5580000,0x00000000d56f1b50,0x00000000d5800000)
  from space 1024K, 100% used [0x00000000d5a00000,0x00000000d5b00000,0x00000000d5b00000)
  to   space 2048K, 0% used [0x00000000d5800000,0x00000000d5800000,0x00000000d5a00000)
 ParOldGen       total 201216K, used 200954K [0x0000000080000000, 0x000000008c480000, 0x00000000d5580000)
  object space 201216K, 99% used [0x0000000080000000,0x000000008c43e908,0x000000008c480000)
 Metaspace       used 98411K, committed 100608K, reserved 1179648K
  class space    used 10019K, committed 10944K, reserved 1048576K
GC Heap History (20 events):
Event: 4308.120 GC heap before
{Heap before GC invocations=3157 (full 7):
 PSYoungGen      total 4608K, used 4416K [0x00000000d5580000, 0x00000000d5b00000, 0x0000000100000000)
  eden space 4096K, 100% used [0x00000000d5580000,0x00000000d5980000,0x00000000d5980000)
  from space 512K, 62% used [0x00000000d5a80000,0x00000000d5ad0000,0x00000000d5b00000)
  to   space 512K, 0% used [0x00000000d5a00000,0x00000000d5a00000,0x00000000d5a80000)
 ParOldGen       total 192000K, used 191895K [0x0000000080000000, 0x000000008bb80000, 0x00000000d5580000)
  object space 192000K, 99% used [0x0000000080000000,0x000000008bb65fe8,0x000000008bb80000)
 Metaspace       used 98337K, committed 100544K, reserved 1179648K
  class space    used 10015K, committed 10944K, reserved 1048576K
}
Event: 4308.123 GC heap after
{Heap after GC invocations=3157 (full 7):
 PSYoungGen      total 4608K, used 256K [0x00000000d5580000, 0x00000000d5b00000, 0x0000000100000000)
  eden space 4096K, 0% used [0x00000000d5580000,0x00000000d5580000,0x00000000d5980000)
  from space 512K, 50% used [0x00000000d5a00000,0x00000000d5a40000,0x00000000d5a80000)
  to   space 512K, 0% used [0x00000000d5a80000,0x00000000d5a80000,0x00000000d5b00000)
 ParOldGen       total 192000K, used 191999K [0x0000000080000000, 0x000000008bb80000, 0x00000000d5580000)
  object space 192000K, 99% used [0x0000000080000000,0x000000008bb7ffe8,0x000000008bb80000)
 Metaspace       used 98337K, committed 100544K, reserved 1179648K
  class space    used 10015K, committed 10944K, reserved 1048576K
}
Event: 4334.452 GC heap before
{Heap before GC invocations=3158 (full 7):
 PSYoungGen      total 4608K, used 4352K [0x00000000d5580000, 0x00000000d5b00000, 0x0000000100000000)
  eden space 4096K, 100% used [0x00000000d5580000,0x00000000d5980000,0x00000000d5980000)
  from space 512K, 50% used [0x00000000d5a00000,0x00000000d5a40000,0x00000000d5a80000)
  to   space 512K, 0% used [0x00000000d5a80000,0x00000000d5a80000,0x00000000d5b00000)
 ParOldGen       total 192000K, used 191999K [0x0000000080000000, 0x000000008bb80000, 0x00000000d5580000)
  object space 192000K, 99% used [0x0000000080000000,0x000000008bb7ffe8,0x000000008bb80000)
 Metaspace       used 98404K, committed 100608K, reserved 1179648K
  class space    used 10019K, committed 10944K, reserved 1048576K
}
Event: 4334.470 GC heap after
{Heap after GC invocations=3158 (full 7):
 PSYoungGen      total 4608K, used 212K [0x00000000d5580000, 0x00000000d5b00000, 0x0000000100000000)
  eden space 4096K, 0% used [0x00000000d5580000,0x00000000d5580000,0x00000000d5980000)
  from space 512K, 41% used [0x00000000d5a80000,0x00000000d5ab5200,0x00000000d5b00000)
  to   space 512K, 0% used [0x00000000d5a00000,0x00000000d5a00000,0x00000000d5a80000)
 ParOldGen       total 192512K, used 192015K [0x0000000080000000, 0x000000008bc00000, 0x00000000d5580000)
  object space 192512K, 99% used [0x0000000080000000,0x000000008bb83fe8,0x000000008bc00000)
 Metaspace       used 98404K, committed 100608K, reserved 1179648K
  class space    used 10019K, committed 10944K, reserved 1048576K
}
Event: 4334.681 GC heap before
{Heap before GC invocations=3159 (full 7):
 PSYoungGen      total 4608K, used 4110K [0x00000000d5580000, 0x00000000d5b00000, 0x0000000100000000)
  eden space 4096K, 95% used [0x00000000d5580000,0x00000000d594e8d0,0x00000000d5980000)
  from space 512K, 41% used [0x00000000d5a80000,0x00000000d5ab5200,0x00000000d5b00000)
  to   space 512K, 0% used [0x00000000d5a00000,0x00000000d5a00000,0x00000000d5a80000)
 ParOldGen       total 192512K, used 192015K [0x0000000080000000, 0x000000008bc00000, 0x00000000d5580000)
  object space 192512K, 99% used [0x0000000080000000,0x000000008bb83fe8,0x000000008bc00000)
 Metaspace       used 98404K, committed 100608K, reserved 1179648K
  class space    used 10019K, committed 10944K, reserved 1048576K
}
Event: 4334.688 GC heap after
{Heap after GC invocations=3159 (full 7):
 PSYoungGen      total 4608K, used 487K [0x00000000d5580000, 0x00000000d5f80000, 0x0000000100000000)
  eden space 4096K, 0% used [0x00000000d5580000,0x00000000d5580000,0x00000000d5980000)
  from space 512K, 95% used [0x00000000d5a00000,0x00000000d5a79dd0,0x00000000d5a80000)
  to   space 3072K, 0% used [0x00000000d5c80000,0x00000000d5c80000,0x00000000d5f80000)
 ParOldGen       total 194560K, used 194100K [0x0000000080000000, 0x000000008be00000, 0x00000000d5580000)
  object space 194560K, 99% used [0x0000000080000000,0x000000008bd8d1e8,0x000000008be00000)
 Metaspace       used 98404K, committed 100608K, reserved 1179648K
  class space    used 10019K, committed 10944K, reserved 1048576K
}
Event: 4335.098 GC heap before
{Heap before GC invocations=3160 (full 7):
 PSYoungGen      total 4608K, used 4583K [0x00000000d5580000, 0x00000000d5f80000, 0x0000000100000000)
  eden space 4096K, 100% used [0x00000000d5580000,0x00000000d5980000,0x00000000d5980000)
  from space 512K, 95% used [0x00000000d5a00000,0x00000000d5a79dd0,0x00000000d5a80000)
  to   space 3072K, 0% used [0x00000000d5c80000,0x00000000d5c80000,0x00000000d5f80000)
 ParOldGen       total 194560K, used 194100K [0x0000000080000000, 0x000000008be00000, 0x00000000d5580000)
  object space 194560K, 99% used [0x0000000080000000,0x000000008bd8d1e8,0x000000008be00000)
 Metaspace       used 98404K, committed 100608K, reserved 1179648K
  class space    used 10019K, committed 10944K, reserved 1048576K
}
Event: 4335.103 GC heap after
{Heap after GC invocations=3160 (full 7):
 PSYoungGen      total 5632K, used 3044K [0x00000000d5580000, 0x00000000d6280000, 0x0000000100000000)
  eden space 2560K, 0% used [0x00000000d5580000,0x00000000d5580000,0x00000000d5800000)
  from space 3072K, 99% used [0x00000000d5c80000,0x00000000d5f79070,0x00000000d5f80000)
  to   space 4608K, 0% used [0x00000000d5800000,0x00000000d5800000,0x00000000d5c80000)
 ParOldGen       total 195072K, used 195016K [0x0000000080000000, 0x000000008be80000, 0x00000000d5580000)
  object space 195072K, 99% used [0x0000000080000000,0x000000008be72178,0x000000008be80000)
 Metaspace       used 98404K, committed 100608K, reserved 1179648K
  class space    used 10019K, committed 10944K, reserved 1048576K
}
Event: 4335.566 GC heap before
{Heap before GC invocations=3161 (full 7):
 PSYoungGen      total 5632K, used 5604K [0x00000000d5580000, 0x00000000d6280000, 0x0000000100000000)
  eden space 2560K, 100% used [0x00000000d5580000,0x00000000d5800000,0x00000000d5800000)
  from space 3072K, 99% used [0x00000000d5c80000,0x00000000d5f79070,0x00000000d5f80000)
  to   space 4608K, 0% used [0x00000000d5800000,0x00000000d5800000,0x00000000d5c80000)
 ParOldGen       total 195072K, used 195016K [0x0000000080000000, 0x000000008be80000, 0x00000000d5580000)
  object space 195072K, 99% used [0x0000000080000000,0x000000008be72178,0x000000008be80000)
 Metaspace       used 98405K, committed 100608K, reserved 1179648K
  class space    used 10019K, committed 10944K, reserved 1048576K
}
Event: 4335.598 GC heap after
{Heap after GC invocations=3161 (full 7):
 PSYoungGen      total 4096K, used 1151K [0x00000000d5580000, 0x00000000d5d00000, 0x0000000100000000)
  eden space 2560K, 0% used [0x00000000d5580000,0x00000000d5580000,0x00000000d5800000)
  from space 1536K, 74% used [0x00000000d5800000,0x00000000d591fdd0,0x00000000d5980000)
  to   space 2560K, 0% used [0x00000000d5a80000,0x00000000d5a80000,0x00000000d5d00000)
 ParOldGen       total 198656K, used 198068K [0x0000000080000000, 0x000000008c200000, 0x00000000d5580000)
  object space 198656K, 99% used [0x0000000080000000,0x000000008c16d2a8,0x000000008c200000)
 Metaspace       used 98405K, committed 100608K, reserved 1179648K
  class space    used 10019K, committed 10944K, reserved 1048576K
}
Event: 4335.958 GC heap before
{Heap before GC invocations=3162 (full 7):
 PSYoungGen      total 4096K, used 3711K [0x00000000d5580000, 0x00000000d5d00000, 0x0000000100000000)
  eden space 2560K, 100% used [0x00000000d5580000,0x00000000d5800000,0x00000000d5800000)
  from space 1536K, 74% used [0x00000000d5800000,0x00000000d591fdd0,0x00000000d5980000)
  to   space 2560K, 0% used [0x00000000d5a80000,0x00000000d5a80000,0x00000000d5d00000)
 ParOldGen       total 198656K, used 198068K [0x0000000080000000, 0x000000008c200000, 0x00000000d5580000)
  object space 198656K, 99% used [0x0000000080000000,0x000000008c16d2a8,0x000000008c200000)
 Metaspace       used 98406K, committed 100608K, reserved 1179648K
  class space    used 10019K, committed 10944K, reserved 1048576K
}
Event: 4335.965 GC heap after
{Heap after GC invocations=3162 (full 7):
 PSYoungGen      total 3072K, used 352K [0x00000000d5580000, 0x00000000d5b00000, 0x0000000100000000)
  eden space 2560K, 0% used [0x00000000d5580000,0x00000000d5580000,0x00000000d5800000)
  from space 512K, 68% used [0x00000000d5a80000,0x00000000d5ad8000,0x00000000d5b00000)
  to   space 1024K, 0% used [0x00000000d5900000,0x00000000d5900000,0x00000000d5a00000)
 ParOldGen       total 199168K, used 199045K [0x0000000080000000, 0x000000008c280000, 0x00000000d5580000)
  object space 199168K, 99% used [0x0000000080000000,0x000000008c2614c8,0x000000008c280000)
 Metaspace       used 98406K, committed 100608K, reserved 1179648K
  class space    used 10019K, committed 10944K, reserved 1048576K
}
Event: 4336.217 GC heap before
{Heap before GC invocations=3163 (full 7):
 PSYoungGen      total 3072K, used 2912K [0x00000000d5580000, 0x00000000d5b00000, 0x0000000100000000)
  eden space 2560K, 100% used [0x00000000d5580000,0x00000000d5800000,0x00000000d5800000)
  from space 512K, 68% used [0x00000000d5a80000,0x00000000d5ad8000,0x00000000d5b00000)
  to   space 1024K, 0% used [0x00000000d5900000,0x00000000d5900000,0x00000000d5a00000)
 ParOldGen       total 199168K, used 199045K [0x0000000080000000, 0x000000008c280000, 0x00000000d5580000)
  object space 199168K, 99% used [0x0000000080000000,0x000000008c2614c8,0x000000008c280000)
 Metaspace       used 98406K, committed 100608K, reserved 1179648K
  class space    used 10019K, committed 10944K, reserved 1048576K
}
Event: 4336.221 GC heap after
{Heap after GC invocations=3163 (full 7):
 PSYoungGen      total 3584K, used 346K [0x00000000d5580000, 0x00000000d5b00000, 0x0000000100000000)
  eden space 2560K, 0% used [0x00000000d5580000,0x00000000d5580000,0x00000000d5800000)
  from space 1024K, 33% used [0x00000000d5900000,0x00000000d5956900,0x00000000d5a00000)
  to   space 512K, 0% used [0x00000000d5a80000,0x00000000d5a80000,0x00000000d5b00000)
 ParOldGen       total 199680K, used 199261K [0x0000000080000000, 0x000000008c300000, 0x00000000d5580000)
  object space 199680K, 99% used [0x0000000080000000,0x000000008c2974e8,0x000000008c300000)
 Metaspace       used 98406K, committed 100608K, reserved 1179648K
  class space    used 10019K, committed 10944K, reserved 1048576K
}
Event: 4336.295 GC heap before
{Heap before GC invocations=3164 (full 7):
 PSYoungGen      total 3584K, used 2906K [0x00000000d5580000, 0x00000000d5b00000, 0x0000000100000000)
  eden space 2560K, 100% used [0x00000000d5580000,0x00000000d5800000,0x00000000d5800000)
  from space 1024K, 33% used [0x00000000d5900000,0x00000000d5956900,0x00000000d5a00000)
  to   space 512K, 0% used [0x00000000d5a80000,0x00000000d5a80000,0x00000000d5b00000)
 ParOldGen       total 199680K, used 199261K [0x0000000080000000, 0x000000008c300000, 0x00000000d5580000)
  object space 199680K, 99% used [0x0000000080000000,0x000000008c2974e8,0x000000008c300000)
 Metaspace       used 98411K, committed 100608K, reserved 1179648K
  class space    used 10019K, committed 10944K, reserved 1048576K
}
Event: 4336.309 GC heap after
{Heap after GC invocations=3164 (full 7):
 PSYoungGen      total 3072K, used 496K [0x00000000d5580000, 0x00000000d5b00000, 0x0000000100000000)
  eden space 2560K, 0% used [0x00000000d5580000,0x00000000d5580000,0x00000000d5800000)
  from space 512K, 96% used [0x00000000d5a80000,0x00000000d5afc010,0x00000000d5b00000)
  to   space 1536K, 0% used [0x00000000d5800000,0x00000000d5800000,0x00000000d5980000)
 ParOldGen       total 200192K, used 199917K [0x0000000080000000, 0x000000008c380000, 0x00000000d5580000)
  object space 200192K, 99% used [0x0000000080000000,0x000000008c33b6f8,0x000000008c380000)
 Metaspace       used 98411K, committed 100608K, reserved 1179648K
  class space    used 10019K, committed 10944K, reserved 1048576K
}
Event: 4336.486 GC heap before
{Heap before GC invocations=3165 (full 7):
 PSYoungGen      total 3072K, used 3056K [0x00000000d5580000, 0x00000000d5b00000, 0x0000000100000000)
  eden space 2560K, 100% used [0x00000000d5580000,0x00000000d5800000,0x00000000d5800000)
  from space 512K, 96% used [0x00000000d5a80000,0x00000000d5afc010,0x00000000d5b00000)
  to   space 1536K, 0% used [0x00000000d5800000,0x00000000d5800000,0x00000000d5980000)
 ParOldGen       total 200192K, used 199917K [0x0000000080000000, 0x000000008c380000, 0x00000000d5580000)
  object space 200192K, 99% used [0x0000000080000000,0x000000008c33b6f8,0x000000008c380000)
 Metaspace       used 98411K, committed 100608K, reserved 1179648K
  class space    used 10019K, committed 10944K, reserved 1048576K
}
Event: 4336.489 GC heap after
{Heap after GC invocations=3165 (full 7):
 PSYoungGen      total 4096K, used 634K [0x00000000d5580000, 0x00000000d5b00000, 0x0000000100000000)
  eden space 2560K, 0% used [0x00000000d5580000,0x00000000d5580000,0x00000000d5800000)
  from space 1536K, 41% used [0x00000000d5800000,0x00000000d589e900,0x00000000d5980000)
  to   space 1024K, 0% used [0x00000000d5a00000,0x00000000d5a00000,0x00000000d5b00000)
 ParOldGen       total 200704K, used 200437K [0x0000000080000000, 0x000000008c400000, 0x00000000d5580000)
  object space 200704K, 99% used [0x0000000080000000,0x000000008c3bd708,0x000000008c400000)
 Metaspace       used 98411K, committed 100608K, reserved 1179648K
  class space    used 10019K, committed 10944K, reserved 1048576K
}
Event: 4336.512 GC heap before
{Heap before GC invocations=3166 (full 7):
 PSYoungGen      total 4096K, used 3194K [0x00000000d5580000, 0x00000000d5b00000, 0x0000000100000000)
  eden space 2560K, 100% used [0x00000000d5580000,0x00000000d5800000,0x00000000d5800000)
  from space 1536K, 41% used [0x00000000d5800000,0x00000000d589e900,0x00000000d5980000)
  to   space 1024K, 0% used [0x00000000d5a00000,0x00000000d5a00000,0x00000000d5b00000)
 ParOldGen       total 200704K, used 200437K [0x0000000080000000, 0x000000008c400000, 0x00000000d5580000)
  object space 200704K, 99% used [0x0000000080000000,0x000000008c3bd708,0x000000008c400000)
 Metaspace       used 98411K, committed 100608K, reserved 1179648K
  class space    used 10019K, committed 10944K, reserved 1048576K
}
Event: 4336.515 GC heap after
{Heap after GC invocations=3166 (full 7):
 PSYoungGen      total 3584K, used 1024K [0x00000000d5580000, 0x00000000d5c00000, 0x0000000100000000)
  eden space 2560K, 0% used [0x00000000d5580000,0x00000000d5580000,0x00000000d5800000)
  from space 1024K, 100% used [0x00000000d5a00000,0x00000000d5b00000,0x00000000d5b00000)
  to   space 2048K, 0% used [0x00000000d5800000,0x00000000d5800000,0x00000000d5a00000)
 ParOldGen       total 201216K, used 200954K [0x0000000080000000, 0x000000008c480000, 0x00000000d5580000)
  object space 201216K, 99% used [0x0000000080000000,0x000000008c43e908,0x000000008c480000)
 Metaspace       used 98411K, committed 100608K, reserved 1179648K
  class space    used 10019K, committed 10944K, reserved 1048576K
}

